<?xml version="1.0" encoding="UTF-8"?>
<!-- Generated by org.testng.reporters.JUnitReportReporter -->
<testsuite skipped="0" hostname="Mahesh-PC" name="com.stc.mvn.dec2022.test21" tests="1" failures="0" timestamp="2023-01-05T21:34:24 IST" time="0.002" errors="0">
  <testcase name="test1" time="0.002" classname="com.stc.mvn.dec2022.test21"/>
</testsuite> <!-- com.stc.mvn.dec2022.test21 -->
