<?xml version="1.0" encoding="UTF-8"?>
<!-- Generated by org.testng.reporters.JUnitReportReporter -->
<testsuite skipped="0" hostname="Mahesh-PC" name="com.stc.mvn.dec2022.test21" tests="1" failures="0" timestamp="2022-12-25T16:17:53 IST" time="0.047" errors="0">
  <testcase name="test1" time="0.047" classname="com.stc.mvn.dec2022.test21"/>
</testsuite> <!-- com.stc.mvn.dec2022.test21 -->
